<?xml version="1.0" encoding="UTF-8"?>
<testng-results skipped="0" failed="0" ignored="0" total="1" passed="1">
  <reporter-output>
  </reporter-output>
  <suite name="Default suite" duration-ms="7473" started-at="2019-08-11T11:17:04Z" finished-at="2019-08-11T11:17:11Z">
    <groups>
      <group name="cucumber">
        <method signature="AbstractTestNGCucumberTests.runScenario(cucumber.api.testng.PickleEventWrapper, cucumber.api.testng.CucumberFeatureWrapper)[pri:0, instance:com.leafBot.testcases.TC001_Login@2b2948e2]" name="runScenario" class="cucumber.api.testng.AbstractTestNGCucumberTests"/>
      </group> <!-- cucumber -->
    </groups>
    <test name="Default test" duration-ms="7473" started-at="2019-08-11T11:17:04Z" finished-at="2019-08-11T11:17:11Z">
      <class name="com.leafBot.testcases.TC001_Login">
        <test-method status="PASS" signature="startReport()[pri:0, instance:com.leafBot.testcases.TC001_Login@2b2948e2]" name="startReport" is-config="true" duration-ms="343" started-at="2019-08-11T11:17:04Z" finished-at="2019-08-11T11:17:04Z">
          <reporter-output>
          </reporter-output>
        </test-method> <!-- startReport -->
        <test-method status="PASS" signature="beforeTest()[pri:0, instance:com.leafBot.testcases.TC001_Login@2b2948e2]" name="beforeTest" is-config="true" duration-ms="0" started-at="2019-08-11T11:17:04Z" finished-at="2019-08-11T11:17:04Z">
          <reporter-output>
          </reporter-output>
        </test-method> <!-- beforeTest -->
        <test-method status="PASS" signature="setUpClass()[pri:0, instance:com.leafBot.testcases.TC001_Login@2b2948e2]" name="setUpClass" is-config="true" duration-ms="109" started-at="2019-08-11T11:17:04Z" finished-at="2019-08-11T11:17:04Z">
          <reporter-output>
          </reporter-output>
        </test-method> <!-- setUpClass -->
        <test-method status="PASS" signature="report()[pri:0, instance:com.leafBot.testcases.TC001_Login@2b2948e2]" name="report" is-config="true" duration-ms="16" started-at="2019-08-11T11:17:04Z" finished-at="2019-08-11T11:17:04Z">
          <reporter-output>
          </reporter-output>
        </test-method> <!-- report -->
        <test-method status="PASS" signature="beforeMethod()[pri:0, instance:com.leafBot.testcases.TC001_Login@2b2948e2]" name="beforeMethod" is-config="true" duration-ms="5109" started-at="2019-08-11T11:17:04Z" finished-at="2019-08-11T11:17:09Z">
          <reporter-output>
          </reporter-output>
        </test-method> <!-- beforeMethod -->
        <test-method status="PASS" signature="runLogin()[pri:0, instance:com.leafBot.testcases.TC001_Login@2b2948e2]" name="runLogin" duration-ms="2021" started-at="2019-08-11T11:17:09Z" finished-at="2019-08-11T11:17:11Z">
          <reporter-output>
          </reporter-output>
        </test-method> <!-- runLogin -->
        <test-method status="PASS" signature="afterMethod()[pri:0, instance:com.leafBot.testcases.TC001_Login@2b2948e2]" name="afterMethod" is-config="true" duration-ms="164" started-at="2019-08-11T11:17:11Z" finished-at="2019-08-11T11:17:11Z">
          <reporter-output>
          </reporter-output>
        </test-method> <!-- afterMethod -->
        <test-method status="PASS" signature="tearDownClass()[pri:0, instance:com.leafBot.testcases.TC001_Login@2b2948e2]" name="tearDownClass" is-config="true" duration-ms="14" started-at="2019-08-11T11:17:11Z" finished-at="2019-08-11T11:17:11Z">
          <reporter-output>
          </reporter-output>
        </test-method> <!-- tearDownClass -->
        <test-method status="PASS" signature="stopReport()[pri:0, instance:com.leafBot.testcases.TC001_Login@2b2948e2]" name="stopReport" is-config="true" duration-ms="312" started-at="2019-08-11T11:17:11Z" finished-at="2019-08-11T11:17:12Z">
          <reporter-output>
          </reporter-output>
        </test-method> <!-- stopReport -->
      </class> <!-- com.leafBot.testcases.TC001_Login -->
    </test> <!-- Default test -->
  </suite> <!-- Default suite -->
</testng-results>
